<?xml version="1.0" encoding="UTF-8"?>
<testng-results ignored="0" total="1" passed="1" failed="0" skipped="0">
  <reporter-output>
  </reporter-output>
  <suite started-at="2022-12-21T11:07:15 PST" name="Default suite" finished-at="2022-12-21T11:07:20 PST" duration-ms="4830">
    <groups>
    </groups>
    <test started-at="2022-12-21T11:07:15 PST" name="Default test" finished-at="2022-12-21T11:07:20 PST" duration-ms="4830">
      <class name="com.generic.GoogleWithTestNG">
        <test-method is-config="true" signature="before()[pri:0, instance:com.generic.GoogleWithTestNG@59505b48]" started-at="2022-12-21T11:07:15 PST" name="before" finished-at="2022-12-21T11:07:15 PST" duration-ms="182" status="PASS">
          <reporter-output>
          </reporter-output>
        </test-method> <!-- before -->
        <test-method is-config="true" signature="setUp()[pri:0, instance:com.generic.GoogleWithTestNG@59505b48]" started-at="2022-12-21T11:07:15 PST" name="setUp" finished-at="2022-12-21T11:07:19 PST" depends-on-methods="com.report.ExtentReportAutomation.before" duration-ms="4307" status="PASS">
          <reporter-output>
          </reporter-output>
        </test-method> <!-- setUp -->
        <test-method is-config="true" signature="setUp(java.lang.reflect.Method)[pri:0, instance:com.generic.GoogleWithTestNG@59505b48]" started-at="2022-12-21T11:07:19 PST" name="setUp" finished-at="2022-12-21T11:07:19 PST" duration-ms="4" status="PASS">
          <params>
            <param index="0">
              <value>
                <![CDATA[public void com.generic.GoogleWithTestNG.loginTest()]]>
              </value>
            </param>
          </params>
          <reporter-output>
          </reporter-output>
        </test-method> <!-- setUp -->
        <test-method signature="loginTest()[pri:0, instance:com.generic.GoogleWithTestNG@59505b48]" started-at="2022-12-21T11:07:19 PST" name="loginTest" finished-at="2022-12-21T11:07:19 PST" duration-ms="4" status="PASS">
          <reporter-output>
          </reporter-output>
        </test-method> <!-- loginTest -->
        <test-method is-config="true" signature="aftermethod(org.testng.ITestResult)[pri:0, instance:com.generic.GoogleWithTestNG@59505b48]" started-at="2022-12-21T11:07:19 PST" name="aftermethod" finished-at="2022-12-21T11:07:19 PST" duration-ms="11" status="PASS">
          <params>
            <param index="0">
              <value>
                <![CDATA[[TestResult name=loginTest status=SUCCESS method=GoogleWithTestNG.loginTest()[pri:0, instance:com.generic.GoogleWithTestNG@59505b48] output={null}]]]>
              </value>
            </param>
          </params>
          <reporter-output>
          </reporter-output>
        </test-method> <!-- aftermethod -->
        <test-method is-config="true" signature="sfterSuite()[pri:0, instance:com.generic.GoogleWithTestNG@59505b48]" started-at="2022-12-21T11:07:19 PST" name="sfterSuite" finished-at="2022-12-21T11:07:20 PST" depends-on-methods="com.generic.GoogleWithTestNG.tearDown" duration-ms="285" status="PASS">
          <reporter-output>
          </reporter-output>
        </test-method> <!-- sfterSuite -->
        <test-method is-config="true" signature="tearDown()[pri:0, instance:com.generic.GoogleWithTestNG@59505b48]" started-at="2022-12-21T11:07:19 PST" name="tearDown" finished-at="2022-12-21T11:07:19 PST" duration-ms="0" status="PASS">
          <reporter-output>
          </reporter-output>
        </test-method> <!-- tearDown -->
      </class> <!-- com.generic.GoogleWithTestNG -->
    </test> <!-- Default test -->
  </suite> <!-- Default suite -->
</testng-results>
